{"level":"info","message":"Hello simple log!","timestamp":"2025-04-08T12:52:31.146Z"}
{"color":"blue","level":"info","message":"Hello log with metas","timestamp":"2025-04-08T12:52:31.150Z"}
{"level":"info","message":"Hello simple log!","timestamp":"2025-04-08T12:53:19.407Z"}
{"color":"blue","level":"info","message":"Hello log with metas","timestamp":"2025-04-08T12:53:19.409Z"}
{"level":"info","message":"Hello simple log!","timestamp":"2025-04-08T13:01:35.100Z"}
{"color":"blue","level":"info","message":"Hello log with metas","timestamp":"2025-04-08T13:01:35.104Z"}
{"level":"info","message":"Hello simple log!","timestamp":"2025-04-08T13:02:18.952Z"}
{"color":"blue","level":"info","message":"Hello log with metas","timestamp":"2025-04-08T13:02:18.954Z"}
{"level":"info","message":"Hello simple log!","timestamp":"2025-04-08T13:02:40.592Z"}
{"color":"blue","level":"info","message":"Hello log with metas","timestamp":"2025-04-08T13:02:40.593Z"}
{"level":"info","message":"Hello simple log!","timestamp":"2025-04-08T13:03:05.518Z"}
{"color":"blue","level":"info","message":"Hello log with metas","timestamp":"2025-04-08T13:03:05.523Z"}
{"level":"info","message":"Hello simple log!","timestamp":"2025-04-08T13:12:50.929Z"}
{"color":"blue","level":"info","message":"Hello log with metas","timestamp":"2025-04-08T13:12:50.936Z"}
{"level":"info","message":"Hello simple log!","timestamp":"2025-04-08T13:13:25.096Z"}
{"color":"blue","level":"info","message":"Hello log with metas","timestamp":"2025-04-08T13:13:25.098Z"}
{"color":"red","level":"info","message":"Error refreshing data","timestamp":"2025-04-08T13:17:27.075Z"}
{"color":"red","level":"info","message":"Test error","timestamp":"2025-04-08T13:20:51.402Z"}
{"color":"red","level":"info","message":"Error refreshing data","timestamp":"2025-04-08T13:20:51.542Z"}
{"color":"red","level":"info","message":"Test error","timestamp":"2025-04-08T13:21:22.919Z"}
{"color":"red","level":"info","message":"Error refreshing data","timestamp":"2025-04-08T13:21:23.037Z"}
{"color":"red","level":"info","message":"Test error","timestamp":"2025-04-08T13:26:48.460Z"}
{"color":"red","level":"info","message":"Error refreshing data","timestamp":"2025-04-08T13:26:48.670Z"}
{"color":"red","level":"info","message":"Test error","timestamp":"2025-04-08T13:27:14.573Z"}
{"color":"red","level":"info","message":"Error refreshing data","timestamp":"2025-04-08T13:27:14.707Z"}
{"color":"red","level":"info","message":"Test error","timestamp":"2025-04-08T13:28:38.047Z"}
{"color":"red","level":"info","message":"Error refreshing data","timestamp":"2025-04-08T13:28:38.168Z"}
{"color":"red","level":"info","message":"Test error","timestamp":"2025-04-08T13:33:43.153Z"}
{"color":"red","level":"info","message":"Error refreshing data","timestamp":"2025-04-08T13:33:43.279Z"}
{"color":"red","level":"info","message":"Test error","timestamp":"2025-04-08T13:34:29.472Z"}
{"color":"red","level":"info","message":"Error refreshing data","timestamp":"2025-04-08T13:34:29.543Z"}
{"color":"red","level":"info","message":"Test error with HTTP direct push","timestamp":"2025-04-08T13:35:08.597Z"}
{"color":"red","level":"info","message":"Error refreshing data","timestamp":"2025-04-08T13:35:08.705Z"}
{"color":"red","level":"info","message":"Test error with HTTP direct push AGAN","timestamp":"2025-04-08T13:38:57.486Z"}
{"color":"red","level":"info","message":"Error refreshing data","timestamp":"2025-04-08T13:38:57.599Z"}
{"color":"red","level":"info","message":"Test error with HTTP direct push AGANNaNTue Apr 08 2025 14:39:30 GMT+0100 (British Summer Time)","timestamp":"2025-04-08T13:39:30.405Z"}
{"color":"red","level":"info","message":"Error refreshing data","timestamp":"2025-04-08T13:39:30.455Z"}
{"color":"red","level":"info","message":"Test error with HTTP direct push AGANNaNTue Apr 08 2025 14:39:31 GMT+0100 (British Summer Time)","timestamp":"2025-04-08T13:39:31.325Z"}
{"color":"red","level":"info","message":"Error refreshing data","timestamp":"2025-04-08T13:39:31.431Z"}
